<?xml version="1.0" ?>
<testsuite name="IOLibraryTest-20221229154259" tests="15" time="1.148" failures="0" errors="0">
	<testcase classname="IOLibraryTest" name="test_parse_int" time="0.054"/>
	<testcase classname="IOLibraryTest" name="test_parse_uint" time="0.028"/>
	<testcase classname="IOLibraryTest" name="test_print_char" time="0.039"/>
	<testcase classname="IOLibraryTest" name="test_print_int" time="0.109"/>
	<testcase classname="IOLibraryTest" name="test_print_string" time="0.050"/>
	<testcase classname="IOLibraryTest" name="test_print_uint" time="0.117"/>
	<testcase classname="IOLibraryTest" name="test_read_char" time="0.112"/>
	<testcase classname="IOLibraryTest" name="test_read_word" time="0.026"/>
	<testcase classname="IOLibraryTest" name="test_read_word_length" time="0.167"/>
	<testcase classname="IOLibraryTest" name="test_read_word_too_long" time="0.054"/>
	<testcase classname="IOLibraryTest" name="test_string_copy" time="0.068"/>
	<testcase classname="IOLibraryTest" name="test_string_copy_too_long" time="0.086"/>
	<testcase classname="IOLibraryTest" name="test_string_equals" time="0.098"/>
	<testcase classname="IOLibraryTest" name="test_string_length" time="0.050"/>
	<testcase classname="IOLibraryTest" name="test_string_not_equals" time="0.090"/>
	<system-out><![CDATA[]]></system-out>
	<system-err><![CDATA[]]></system-err>
</testsuite>
